[04:34:09.483] [INFO] storybook v10.3.5
[04:34:09.834] [DEBUG] Getting package.json info for /Users/a1234/Downloads/Heal With Amy/package.json...
[04:34:10.590] [DEBUG] Serving static files from public at /
[04:34:10.590] [INFO] Starting...
[04:34:10.731] [DEBUG] Starting preview..
[04:34:10.764] [DEBUG] Using tsconfig paths for react-docgen
[04:34:10.769] [WARN] 🚨 Unable to index ./src/stories/ServiceCard.stories.tsx:
  SyntaxError: Unexpected token, expected "," (173:106)
    at constructor (file:///Users/a1234/Downloads/Heal%20With%20Amy/node_modules/storybook/dist/_node-chunks/chunk-JXXWBFBF.js:12171:21)
    at Parser.raise (file:///Users/a1234/Downloads/Heal%20With%20Amy/node_modules/storybook/dist/_node-chunks/chunk-JXXWBFBF.js:16356:71)
    at Parser.unexpected (file:///Users/a1234/Downloads/Heal%20With%20Amy/node_modules/storybook/dist/_node-chunks/chunk-JXXWBFBF.js:16373:20)
    at Parser.expect (file:///Users/a1234/Downloads/Heal%20With%20Amy/node_modules/storybook/dist/_node-chunks/chunk-JXXWBFBF.js:16581:32)
    at Parser.parseObjectLike (file:///Users/a1234/Downloads/Heal%20With%20Amy/node_modules/storybook/dist/_node-chunks/chunk-JXXWBFBF.js:19571:25)
    at Parser.parseExprAtom (file:///Users/a1234/Downloads/Heal%20With%20Amy/node_modules/storybook/dist/_node-chunks/chunk-JXXWBFBF.js:19302:25)
    at Parser.parseExprAtom (file:///Users/a1234/Downloads/Heal%20With%20Amy/node_modules/storybook/dist/_node-chunks/chunk-JXXWBFBF.js:15093:181)
    at Parser.parseExprSubscripts (file:///Users/a1234/Downloads/Heal%20With%20Amy/node_modules/storybook/dist/_node-chunks/chunk-JXXWBFBF.js:19165:105)
    at Parser.parseUpdate (file:///Users/a1234/Downloads/Heal%20With%20Amy/node_modules/storybook/dist/_node-chunks/chunk-JXXWBFBF.js:19156:57)
    at Parser.parseMaybeUnary (file:///Users/a1234/Downloads/Heal%20With%20Amy/node_modules/storybook/dist/_node-chunks/chunk-JXXWBFBF.js:19141:25)
[04:34:10.773] [ERROR] Failed to build the preview
[04:34:10.777] [ERROR] Error: Unable to index ./src/stories/ServiceCard.stories.tsx
    at _StoryIndexGenerator.getIndexAndStats (file:///Users/a1234/Downloads/Heal%20With%20Amy/node_modules/storybook/dist/core-server/index.js:6282:15)
    at async _StoryIndexGenerator.getIndex (file:///Users/a1234/Downloads/Heal%20With%20Amy/node_modules/storybook/dist/core-server/index.js:6271:13)
    at async config (file:///Users/a1234/Downloads/Heal%20With%20Amy/node_modules/@storybook/builder-vite/dist/_node-chunks/chunk-FQ4EAKAD.js:184:19)
    at async runConfigHook (file:///Users/a1234/Downloads/Heal%20With%20Amy/node_modules/vite/dist/node/chunks/dep-BK3b2jBa.js:67004:19)
    at async resolveConfig (file:///Users/a1234/Downloads/Heal%20With%20Amy/node_modules/vite/dist/node/chunks/dep-BK3b2jBa.js:66445:12)
    at async _createServer (file:///Users/a1234/Downloads/Heal%20With%20Amy/node_modules/vite/dist/node/chunks/dep-BK3b2jBa.js:63015:18)
    at async Module.start (file:///Users/a1234/Downloads/Heal%20With%20Amy/node_modules/@storybook/builder-vite/dist/index.js:1557:17)
    at async storybookDevServer (file:///Users/a1234/Downloads/Heal%20With%20Amy/node_modules/storybook/dist/core-server/index.js:7503:83)
    at async buildOrThrow (file:///Users/a1234/Downloads/Heal%20With%20Amy/node_modules/storybook/dist/core-server/index.js:4508:12)
    at async buildDevStandalone (file:///Users/a1234/Downloads/Heal%20With%20Amy/node_modules/storybook/dist/core-server/index.js:8033:41)
[04:34:10.778] [WARN] Broken build, fix the error above.
You may need to refresh the browser.